<?xml version="1.0" encoding="UTF-8"?>
<!-- Generated by org.testng.reporters.JUnitReportReporter -->
<testsuite hostname="K56" name="selenium_maven_eclipse.CommonCeneoTestMVN" tests="2" failures="0" timestamp="11 Nov 2015 22:23:44 GMT" time="20.852" errors="0">
  <testcase name="searchProduct" time="7.850" classname="selenium_maven_eclipse.CommonCeneoTestMVN"/>
  <testcase name="AuthTest" time="13.002" classname="selenium_maven_eclipse.CommonCeneoTestMVN"/>
</testsuite> <!-- selenium_maven_eclipse.CommonCeneoTestMVN -->
