<?xml version="1.0" encoding="UTF-8"?>
<!-- Generated by org.testng.reporters.JUnitReportReporter -->
<testsuite hostname="EPPLKRAW0043" name="selenium_maven_eclipse.CommonCeneoTestMVN" tests="1" failures="0" timestamp="2 Dec 2015 14:55:48 GMT" time="7.633" errors="0">
  <testcase name="searchProduct" time="7.633" classname="selenium_maven_eclipse.CommonCeneoTestMVN"/>
</testsuite> <!-- selenium_maven_eclipse.CommonCeneoTestMVN -->
