<?xml version="1.0" encoding="UTF-8"?>
<!-- Generated by org.testng.reporters.JUnitReportReporter -->
<testsuite hostname="K56" name="auth.Commands" tests="1" failures="0" timestamp="10 Jan 2016 23:33:10 GMT" time="2.180" errors="0">
  <testcase name="checkAuthorization" time="2.180" classname="auth.Commands"/>
</testsuite> <!-- auth.Commands -->
